baselineprofile/build/intermediates/manifest_merge_blame_file/benchmarkRelease/mergeBenchmarkReleaseManifest/manifest-merger-blame-benchmarkRelease-report.txt
1<?xml version="1.0" encoding="utf-8"?>
2<manifest xmlns:android="http://schemas.android.com/apk/res/android"
3    package="com.jjw.easygallery.baselineprofile" >
4
5    <uses-sdk
5-->manifest/benchmarkRelease/tempFile2ProcessTestManifest5387982016849197778.xml:5:5-7:41
6        android:minSdkVersion="33"
6-->manifest/benchmarkRelease/tempFile2ProcessTestManifest5387982016849197778.xml:6:9-35
7        android:targetSdkVersion="36" />
7-->manifest/benchmarkRelease/tempFile2ProcessTestManifest5387982016849197778.xml:7:9-38
8
9    <instrumentation
9-->manifest/benchmarkRelease/tempFile2ProcessTestManifest5387982016849197778.xml:9:5-14:71
10        android:name="androidx.test.runner.AndroidJUnitRunner"
10-->manifest/benchmarkRelease/tempFile2ProcessTestManifest5387982016849197778.xml:10:9-63
11        android:functionalTest="false"
11-->manifest/benchmarkRelease/tempFile2ProcessTestManifest5387982016849197778.xml:11:9-39
12        android:handleProfiling="false"
12-->manifest/benchmarkRelease/tempFile2ProcessTestManifest5387982016849197778.xml:12:9-40
13        android:label="Tests for com.jjw.easygallery.baselineprofile"
13-->manifest/benchmarkRelease/tempFile2ProcessTestManifest5387982016849197778.xml:13:9-70
14        android:targetPackage="com.jjw.easygallery.baselineprofile" />
14-->manifest/benchmarkRelease/tempFile2ProcessTestManifest5387982016849197778.xml:14:9-68
15
16    <!--
17    This is needed to write benchmark report data to an external directory during instrumented
18    tests to allow the accompanying androidx.benchmark gradle plugin to pull the reports onto host
19     machine after the tests are done running.
20    -->
21    <uses-permission android:name="android.permission.WRITE_EXTERNAL_STORAGE" />
21-->[androidx.benchmark:benchmark-common:1.5.0-rc02] AndroidManifest.xml:27:5-81
21-->[androidx.benchmark:benchmark-common:1.5.0-rc02] AndroidManifest.xml:27:22-78
22    <!--
23         Internet permission is required for perfetto trace shell processor http server but
24        it's used to reach localhost only
25    -->
26    <uses-permission android:name="android.permission.INTERNET" />
26-->[androidx.benchmark:benchmark-common:1.5.0-rc02] AndroidManifest.xml:33:5-67
26-->[androidx.benchmark:benchmark-common:1.5.0-rc02] AndroidManifest.xml:33:22-64
27    <uses-permission android:name="android.permission.READ_EXTERNAL_STORAGE" />
28    <!--
29    QUERY_ALL_PACKAGES is used to enable macrobenchmarks to read package information from
30    potential target packages, e.g. for querying debuggable, profileable, or default launch intent.
31
32    This could also be done by making each macrobenchmark specify a <queries/> tag, with the
33    target package, but this removes the need for documenting that setup step, and detecting
34    misconfiguration.
35    -->
36    <uses-permission android:name="android.permission.QUERY_ALL_PACKAGES" />
36-->[androidx.benchmark:benchmark-macro:1.5.0-rc02] AndroidManifest.xml:31:5-33:53
36-->[androidx.benchmark:benchmark-macro:1.5.0-rc02] AndroidManifest.xml:32:9-61
37    <uses-permission android:name="android.permission.REORDER_TASKS" />
37-->[androidx.test:core:1.7.0] AndroidManifest.xml:24:5-72
37-->[androidx.test:core:1.7.0] AndroidManifest.xml:24:22-69
38
39    <queries>
39-->[androidx.test:runner:1.7.0] AndroidManifest.xml:24:5-28:15
40        <package android:name="androidx.test.orchestrator" />
40-->[androidx.test:runner:1.7.0] AndroidManifest.xml:25:9-62
40-->[androidx.test:runner:1.7.0] AndroidManifest.xml:25:18-59
41        <package android:name="androidx.test.services" />
41-->[androidx.test:runner:1.7.0] AndroidManifest.xml:26:9-58
41-->[androidx.test:runner:1.7.0] AndroidManifest.xml:26:18-55
42        <package android:name="com.google.android.apps.common.testing.services" />
42-->[androidx.test:runner:1.7.0] AndroidManifest.xml:27:9-83
42-->[androidx.test:runner:1.7.0] AndroidManifest.xml:27:18-80
43    </queries>
44
45    <permission
45-->[androidx.core:core:1.9.0] AndroidManifest.xml:22:5-24:47
46        android:name="com.jjw.easygallery.baselineprofile.DYNAMIC_RECEIVER_NOT_EXPORTED_PERMISSION"
46-->[androidx.core:core:1.9.0] AndroidManifest.xml:23:9-81
47        android:protectionLevel="signature" />
47-->[androidx.core:core:1.9.0] AndroidManifest.xml:24:9-44
48
49    <uses-permission android:name="com.jjw.easygallery.baselineprofile.DYNAMIC_RECEIVER_NOT_EXPORTED_PERMISSION" />
49-->[androidx.core:core:1.9.0] AndroidManifest.xml:26:5-97
49-->[androidx.core:core:1.9.0] AndroidManifest.xml:26:22-94
50
51    <application
51-->manifest/benchmarkRelease/tempFile2ProcessTestManifest5387982016849197778.xml:16:5-20
52        android:appComponentFactory="androidx.core.app.CoreComponentFactory"
52-->[androidx.core:core:1.9.0] AndroidManifest.xml:28:18-86
53        android:debuggable="true"
54        android:extractNativeLibs="false"
54-->INJECTED
55        android:networkSecurityConfig="@xml/network_security_config" > <!-- Activity used to block background content while benchmarks are running -->
55-->[androidx.benchmark:benchmark-common:1.5.0-rc02] AndroidManifest.xml:35:18-78
56        <activity
56-->[androidx.benchmark:benchmark-common:1.5.0-rc02] AndroidManifest.xml:38:9-41:80
57            android:name="androidx.benchmark.IsolationActivity"
57-->[androidx.benchmark:benchmark-common:1.5.0-rc02] AndroidManifest.xml:39:13-64
58            android:exported="true"
58-->[androidx.benchmark:benchmark-common:1.5.0-rc02] AndroidManifest.xml:40:13-36
59            android:theme="@android:style/Theme.Light.NoTitleBar.Fullscreen" /> <!-- For optional XrExtensions usage in GestureController -->
59-->[androidx.benchmark:benchmark-common:1.5.0-rc02] AndroidManifest.xml:41:13-77
60        <uses-library
60-->[androidx.test.uiautomator:uiautomator:2.4.0] AndroidManifest.xml:25:9-27:40
61            android:name="com.android.extensions.xr"
61-->[androidx.test.uiautomator:uiautomator:2.4.0] AndroidManifest.xml:26:13-53
62            android:required="false" />
62-->[androidx.test.uiautomator:uiautomator:2.4.0] AndroidManifest.xml:27:13-37
63
64        <activity
64-->[androidx.test:core:1.7.0] AndroidManifest.xml:27:9-34:20
65            android:name="androidx.test.core.app.InstrumentationActivityInvoker$BootstrapActivity"
65-->[androidx.test:core:1.7.0] AndroidManifest.xml:28:13-99
66            android:exported="true"
66-->[androidx.test:core:1.7.0] AndroidManifest.xml:29:13-36
67            android:theme="@style/WhiteBackgroundTheme" >
67-->[androidx.test:core:1.7.0] AndroidManifest.xml:30:13-56
68            <intent-filter android:priority="-100" >
68-->[androidx.test:core:1.7.0] AndroidManifest.xml:31:13-33:29
68-->[androidx.test:core:1.7.0] AndroidManifest.xml:31:28-51
69                <category android:name="android.intent.category.LAUNCHER" />
69-->[androidx.test:core:1.7.0] AndroidManifest.xml:32:17-77
69-->[androidx.test:core:1.7.0] AndroidManifest.xml:32:27-74
70            </intent-filter>
71        </activity>
72        <activity
72-->[androidx.test:core:1.7.0] AndroidManifest.xml:35:9-42:20
73            android:name="androidx.test.core.app.InstrumentationActivityInvoker$EmptyActivity"
73-->[androidx.test:core:1.7.0] AndroidManifest.xml:36:13-95
74            android:exported="true"
74-->[androidx.test:core:1.7.0] AndroidManifest.xml:37:13-36
75            android:theme="@style/WhiteBackgroundTheme" >
75-->[androidx.test:core:1.7.0] AndroidManifest.xml:38:13-56
76            <intent-filter android:priority="-100" >
76-->[androidx.test:core:1.7.0] AndroidManifest.xml:31:13-33:29
76-->[androidx.test:core:1.7.0] AndroidManifest.xml:31:28-51
77                <category android:name="android.intent.category.LAUNCHER" />
77-->[androidx.test:core:1.7.0] AndroidManifest.xml:32:17-77
77-->[androidx.test:core:1.7.0] AndroidManifest.xml:32:27-74
78            </intent-filter>
79        </activity>
80        <activity
80-->[androidx.test:core:1.7.0] AndroidManifest.xml:43:9-50:20
81            android:name="androidx.test.core.app.InstrumentationActivityInvoker$EmptyFloatingActivity"
81-->[androidx.test:core:1.7.0] AndroidManifest.xml:44:13-103
82            android:exported="true"
82-->[androidx.test:core:1.7.0] AndroidManifest.xml:45:13-36
83            android:theme="@style/WhiteBackgroundDialogTheme" >
83-->[androidx.test:core:1.7.0] AndroidManifest.xml:46:13-62
84            <intent-filter android:priority="-100" >
84-->[androidx.test:core:1.7.0] AndroidManifest.xml:31:13-33:29
84-->[androidx.test:core:1.7.0] AndroidManifest.xml:31:28-51
85                <category android:name="android.intent.category.LAUNCHER" />
85-->[androidx.test:core:1.7.0] AndroidManifest.xml:32:17-77
85-->[androidx.test:core:1.7.0] AndroidManifest.xml:32:27-74
86            </intent-filter>
87        </activity>
88
89        <provider
89-->[androidx.profileinstaller:profileinstaller:1.4.1] AndroidManifest.xml:24:9-32:20
90            android:name="androidx.startup.InitializationProvider"
90-->[androidx.profileinstaller:profileinstaller:1.4.1] AndroidManifest.xml:25:13-67
91            android:authorities="com.jjw.easygallery.baselineprofile.androidx-startup"
91-->[androidx.profileinstaller:profileinstaller:1.4.1] AndroidManifest.xml:26:13-68
92            android:exported="false" >
92-->[androidx.profileinstaller:profileinstaller:1.4.1] AndroidManifest.xml:27:13-37
93            <meta-data
93-->[androidx.profileinstaller:profileinstaller:1.4.1] AndroidManifest.xml:29:13-31:52
94                android:name="androidx.profileinstaller.ProfileInstallerInitializer"
94-->[androidx.profileinstaller:profileinstaller:1.4.1] AndroidManifest.xml:30:17-85
95                android:value="androidx.startup" />
95-->[androidx.profileinstaller:profileinstaller:1.4.1] AndroidManifest.xml:31:17-49
96            <meta-data
96-->[androidx.tracing:tracing-perfetto:1.0.1] AndroidManifest.xml:44:13-46:52
97                android:name="androidx.tracing.perfetto.StartupTracingInitializer"
97-->[androidx.tracing:tracing-perfetto:1.0.1] AndroidManifest.xml:45:17-83
98                android:value="androidx.startup" />
98-->[androidx.tracing:tracing-perfetto:1.0.1] AndroidManifest.xml:46:17-49
99        </provider>
100
101        <receiver
101-->[androidx.profileinstaller:profileinstaller:1.4.1] AndroidManifest.xml:34:9-52:20
102            android:name="androidx.profileinstaller.ProfileInstallReceiver"
102-->[androidx.profileinstaller:profileinstaller:1.4.1] AndroidManifest.xml:35:13-76
103            android:directBootAware="false"
103-->[androidx.profileinstaller:profileinstaller:1.4.1] AndroidManifest.xml:36:13-44
104            android:enabled="true"
104-->[androidx.profileinstaller:profileinstaller:1.4.1] AndroidManifest.xml:37:13-35
105            android:exported="true"
105-->[androidx.profileinstaller:profileinstaller:1.4.1] AndroidManifest.xml:38:13-36
106            android:permission="android.permission.DUMP" >
106-->[androidx.profileinstaller:profileinstaller:1.4.1] AndroidManifest.xml:39:13-57
107            <intent-filter>
107-->[androidx.profileinstaller:profileinstaller:1.4.1] AndroidManifest.xml:40:13-42:29
108                <action android:name="androidx.profileinstaller.action.INSTALL_PROFILE" />
108-->[androidx.profileinstaller:profileinstaller:1.4.1] AndroidManifest.xml:41:17-91
108-->[androidx.profileinstaller:profileinstaller:1.4.1] AndroidManifest.xml:41:25-88
109            </intent-filter>
110            <intent-filter>
110-->[androidx.profileinstaller:profileinstaller:1.4.1] AndroidManifest.xml:43:13-45:29
111                <action android:name="androidx.profileinstaller.action.SKIP_FILE" />
111-->[androidx.profileinstaller:profileinstaller:1.4.1] AndroidManifest.xml:44:17-85
111-->[androidx.profileinstaller:profileinstaller:1.4.1] AndroidManifest.xml:44:25-82
112            </intent-filter>
113            <intent-filter>
113-->[androidx.profileinstaller:profileinstaller:1.4.1] AndroidManifest.xml:46:13-48:29
114                <action android:name="androidx.profileinstaller.action.SAVE_PROFILE" />
114-->[androidx.profileinstaller:profileinstaller:1.4.1] AndroidManifest.xml:47:17-88
114-->[androidx.profileinstaller:profileinstaller:1.4.1] AndroidManifest.xml:47:25-85
115            </intent-filter>
116            <intent-filter>
116-->[androidx.profileinstaller:profileinstaller:1.4.1] AndroidManifest.xml:49:13-51:29
117                <action android:name="androidx.profileinstaller.action.BENCHMARK_OPERATION" />
117-->[androidx.profileinstaller:profileinstaller:1.4.1] AndroidManifest.xml:50:17-95
117-->[androidx.profileinstaller:profileinstaller:1.4.1] AndroidManifest.xml:50:25-92
118            </intent-filter>
119        </receiver>
120        <receiver
120-->[androidx.tracing:tracing-perfetto:1.0.1] AndroidManifest.xml:24:9-37:20
121            android:name="androidx.tracing.perfetto.TracingReceiver"
121-->[androidx.tracing:tracing-perfetto:1.0.1] AndroidManifest.xml:25:13-69
122            android:directBootAware="false"
122-->[androidx.tracing:tracing-perfetto:1.0.1] AndroidManifest.xml:26:13-44
123            android:enabled="true"
123-->[androidx.tracing:tracing-perfetto:1.0.1] AndroidManifest.xml:27:13-35
124            android:exported="true"
124-->[androidx.tracing:tracing-perfetto:1.0.1] AndroidManifest.xml:28:13-36
125            android:permission="android.permission.DUMP" >
125-->[androidx.tracing:tracing-perfetto:1.0.1] AndroidManifest.xml:29:13-57
126
127            <!-- Note: DUMP above highly limits who can call the receiver; Shell has DUMP perm. -->
128            <intent-filter>
128-->[androidx.tracing:tracing-perfetto:1.0.1] AndroidManifest.xml:32:13-36:29
129                <action android:name="androidx.tracing.perfetto.action.ENABLE_TRACING" />
129-->[androidx.tracing:tracing-perfetto:1.0.1] AndroidManifest.xml:33:17-90
129-->[androidx.tracing:tracing-perfetto:1.0.1] AndroidManifest.xml:33:25-87
130                <action android:name="androidx.tracing.perfetto.action.ENABLE_TRACING_COLD_START" />
130-->[androidx.tracing:tracing-perfetto:1.0.1] AndroidManifest.xml:34:17-101
130-->[androidx.tracing:tracing-perfetto:1.0.1] AndroidManifest.xml:34:25-98
131                <action android:name="androidx.tracing.perfetto.action.DISABLE_TRACING_COLD_START" />
131-->[androidx.tracing:tracing-perfetto:1.0.1] AndroidManifest.xml:35:17-102
131-->[androidx.tracing:tracing-perfetto:1.0.1] AndroidManifest.xml:35:25-99
132            </intent-filter>
133        </receiver>
134        <receiver
134-->[androidx.tracing:tracing-perfetto:1.0.1] AndroidManifest.xml:49:9-55:20
135            android:name="androidx.tracing.perfetto.StartupTracingConfigStoreIsEnabledGate"
135-->[androidx.tracing:tracing-perfetto:1.0.1] AndroidManifest.xml:50:13-92
136            android:directBootAware="false"
136-->[androidx.tracing:tracing-perfetto:1.0.1] AndroidManifest.xml:51:13-44
137            android:enabled="false"
137-->[androidx.tracing:tracing-perfetto:1.0.1] AndroidManifest.xml:52:13-36
138            android:exported="false" >
138-->[androidx.tracing:tracing-perfetto:1.0.1] AndroidManifest.xml:53:13-37
139        </receiver>
140    </application>
141
142</manifest>